<?xml version="1.0" encoding="UTF-8"?>
<!-- Generated by org.testng.reporters.JUnitReportReporter -->
<testsuite hostname="DESKTOP-KJ7MM0G" name="TestSuites.LoginTest" tests="1" failures="0" timestamp="13 Sep 2016 16:52:54 GMT" time="7.881" errors="0">
  <testcase name="login" time="7.881" classname="TestSuites.LoginTest"/>
</testsuite> <!-- TestSuites.LoginTest -->
