<?xml version="1.0" encoding="UTF-8"?>
<!-- Generated by org.testng.reporters.JUnitReportReporter -->
<testsuite hostname="DESKTOP-KJ7MM0G" name="TestSuites.PresentationTest" tests="1" failures="0" timestamp="14 Sep 2016 02:01:15 GMT" time="26.022" errors="0">
  <testcase name="assertPresentationListPageTitle" time="26.022" classname="TestSuites.PresentationTest"/>
</testsuite> <!-- TestSuites.PresentationTest -->
